696.3448344	1703.355472	30.4655716813206	696.3448344_1703.355472_19	0	0	0	0	1	1	0	0	0	0	1	1	0	0	0	1	0	0
660.3304093	1704.220944	17.357854815303	696.3448344_1703.355472_19	0	0	0	0	1	1	0	0	0	0	1	1	0	0	0	1	0	0
599.232512	1704.356	9.10449492862579	696.3448344_1703.355472_19	0	0	0	0	1	1	0	0	0	0	1	1	0	0	0	1	0	0
455.2248419	1704.376968	15.1461338985319	696.3448344_1703.355472_19	0	0	0	0	1	1	0	0	0	0	1	1	0	0	0	1	0	0
416.2363314	1703.352488	5.96735176454306	696.3448344_1703.355472_19	0	0	0	0	1	1	0	0	0	0	1	1	0	0	0	1	0	0
415.2325971	1703.354944	20.5412866014131	696.3448344_1703.355472_19	0	0	0	0	1	1	0	0	0	0	1	1	0	0	0	1	0	0
341.195305	1703.353952	6.42464509795892	696.3448344_1703.355472_19	0	0	0	0	1	1	0	0	0	0	1	1	0	0	0	1	0	0
327.18018	1705.295968	11.3979755772187	696.3448344_1703.355472_19	0	0	0	0	1	1	0	0	0	0	1	1	0	0	0	1	0	0
313.1645302	1702.352944	19.4432135014279	696.3448344_1703.355472_19	0	0	0	0	1	1	0	0	0	0	1	1	0	0	0	1	0	0
248.0842095	1704.361952	20.8165641776273	696.3448344_1703.355472_19	0	0	0	0	1	1	0	0	0	0	1	1	0	0	0	1	0	0
247.0805497	1703.351992	100	696.3448344_1703.355472_19	0	0	0	0	1	1	0	0	0	0	1	1	0	0	0	1	0	0
170.0526534	1703.950472	12.5796785767456	696.3448344_1703.355472_19	0	0	0	0	1	1	0	0	0	0	1	1	0	0	0	1	0	0
169.0490425	1703.354	83.4430043999503	696.3448344_1703.355472_19	0	0	0	0	1	1	0	0	0	0	1	1	0	0	0	1	0	0
140.0679856	1704.374464	9.18143343527473	696.3448344_1703.355472_19	0	0	0	0	1	1	0	0	0	0	1	1	0	0	0	1	0	0
127.0392305	1703.354944	25.5700329329355	696.3448344_1703.355472_19	0	0	0	0	1	1	0	0	0	0	1	1	0	0	0	1	0	0
109.0293443	1703.37	8.98551496472984	696.3448344_1703.355472_19	0	0	0	0	1	1	0	0	0	0	1	1	0	0	0	1	0	0
127.0392579	1594.703968	100	127.0392579_1594.703968_25	0	0	0	1	0	0	0	0	0	0	0	0	0	0	0	0	0	0
109.0298031	1595.716976	41.9653788502057	127.0392579_1594.703968_25	0	0	0	1	0	0	0	0	0	0	0	0	0	0	0	0	0	0
341.8176495	71.718992	30.5940672418401	341.8176495_71.718992_15	0	0	0	0	0	0	0	0	0	0	0	0	0	0	0	0	0	1
325.8441934	72.90748	8.95647309627467	341.8176495_71.718992_15	0	0	0	0	0	0	0	0	0	0	0	0	0	0	0	0	0	1
323.9392502	70.658944	11.9770384503486	341.8176495_71.718992_15	0	0	0	0	0	0	0	0	0	0	0	0	0	0	0	0	0	1
242.8640333	71.754	12.5293277051147	341.8176495_71.718992_15	0	0	0	0	0	0	0	0	0	0	0	0	0	0	0	0	0	1
240.8656165	71.727992	48.4676583382704	341.8176495_71.718992_15	0	0	0	0	0	0	0	0	0	0	0	0	0	0	0	0	0	1
207.0132856	69.303472	11.3377026459997	341.8176495_71.718992_15	0	0	0	0	0	0	0	0	0	0	0	0	0	0	0	0	0	1
149.1069172	73.855968	70.2717709193931	341.8176495_71.718992_15	0	0	0	0	0	0	0	0	0	0	0	0	0	0	0	0	0	1
148.0612081	71.265472	17.6987100313128	341.8176495_71.718992_15	0	0	0	0	0	0	0	0	0	0	0	0	0	0	0	0	0	1
147.0762311	70.56648	24.8629359071677	341.8176495_71.718992_15	0	0	0	0	0	0	0	0	0	0	0	0	0	0	0	0	0	1
141.9131921	71.788992	13.1859504777501	341.8176495_71.718992_15	0	0	0	0	0	0	0	0	0	0	0	0	0	0	0	0	0	1
139.9146979	71.623488	100	341.8176495_71.718992_15	0	0	0	0	0	0	0	0	0	0	0	0	0	0	0	0	0	1
163.0386309	218.982976	100	163.0386309_218.982976_3174	0	0	0	0	0	0	0	0	0	0	0	0	0	0	1	0	0	0
470.228995	445.711984	100	470.228995_445.711984_2	0	0	0	0	0	0	0	0	0	0	0	0	0	0	1	0	1	0
468.2170684	446.295984	1.76459873010884	470.228995_445.711984_2	0	0	0	0	0	0	0	0	0	0	0	0	0	0	1	0	1	0
466.1971087	445.55896	0.777396863782843	470.228995_445.711984_2	0	0	0	0	0	0	0	0	0	0	0	0	0	0	1	0	1	0
454.2089301	445.070992	1.15298584488164	470.228995_445.711984_2	0	0	0	0	0	0	0	0	0	0	0	0	0	0	1	0	1	0
453.2058695	444.952992	2.5689136575629	470.228995_445.711984_2	0	0	0	0	0	0	0	0	0	0	0	0	0	0	1	0	1	0
452.2177143	445.044	2.37843532356714	470.228995_445.711984_2	0	0	0	0	0	0	0	0	0	0	0	0	0	0	1	0	1	0
334.1754777	445.592456	1.80212656354097	470.228995_445.711984_2	0	0	0	0	0	0	0	0	0	0	0	0	0	0	1	0	1	0
311.0908035	447.872	0.90238738916741	470.228995_445.711984_2	0	0	0	0	0	0	0	0	0	0	0	0	0	0	1	0	1	0
310.201341	445.044	1.65002052831341	470.228995_445.711984_2	0	0	0	0	0	0	0	0	0	0	0	0	0	0	1	0	1	0
309.198639	445.044	8.13574605919941	470.228995_445.711984_2	0	0	0	0	0	0	0	0	0	0	0	0	0	0	1	0	1	0
308.1961308	445.508976	29.5927360223344	470.228995_445.711984_2	0	0	0	0	0	0	0	0	0	0	0	0	0	0	1	0	1	0
295.1150376	448.16248	2.08100330330812	470.228995_445.711984_2	0	0	0	0	0	0	0	0	0	0	0	0	0	0	1	0	1	0
292.1725685	444.987464	2.52032772331441	470.228995_445.711984_2	0	0	0	0	0	0	0	0	0	0	0	0	0	0	1	0	1	0
291.1695377	445.253496	9.79101788494489	470.228995_445.711984_2	0	0	0	0	0	0	0	0	0	0	0	0	0	0	1	0	1	0
290.185184	445.023976	1.83665785069774	470.228995_445.711984_2	0	0	0	0	0	0	0	0	0	0	0	0	0	0	1	0	1	0
290.1597039	448.834464	1.57799746661867	470.228995_445.711984_2	0	0	0	0	0	0	0	0	0	0	0	0	0	0	1	0	1	0
237.1218653	444.952992	2.59883595941521	470.228995_445.711984_2	0	0	0	0	0	0	0	0	0	0	0	0	0	0	1	0	1	0
235.1146574	445.116496	2.09538114888811	470.228995_445.711984_2	0	0	0	0	0	0	0	0	0	0	0	0	0	0	1	0	1	0
234.1117297	445.184	8.54345118857572	470.228995_445.711984_2	0	0	0	0	0	0	0	0	0	0	0	0	0	0	1	0	1	0
222.1029003	445.861968	1.67154863728711	470.228995_445.711984_2	0	0	0	0	0	0	0	0	0	0	0	0	0	0	1	0	1	0
221.0991751	445.044	8.45624111248936	470.228995_445.711984_2	0	0	0	0	0	0	0	0	0	0	0	0	0	0	1	0	1	0
220.0960868	445.525968	47.5575265800396	470.228995_445.711984_2	0	0	0	0	0	0	0	0	0	0	0	0	0	0	1	0	1	0
219.1112135	445.096472	1.57852979654624	470.228995_445.711984_2	0	0	0	0	0	0	0	0	0	0	0	0	0	0	1	0	1	0
172.1437576	445.295992	1.32406611036482	470.228995_445.711984_2	0	0	0	0	0	0	0	0	0	0	0	0	0	0	1	0	1	0
165.0455102	444.02496	1.05550547070133	470.228995_445.711984_2	0	0	0	0	0	0	0	0	0	0	0	0	0	0	1	0	1	0
164.042141	444.952992	5.23870856623912	470.228995_445.711984_2	0	0	0	0	0	0	0	0	0	0	0	0	0	0	1	0	1	0
163.0387816	445.125496	33.7011016219963	470.228995_445.711984_2	0	0	0	0	0	0	0	0	0	0	0	0	0	0	1	0	1	0
155.1172631	444.995968	1.68449916191003	470.228995_445.711984_2	0	0	0	0	0	0	0	0	0	0	0	0	0	0	1	0	1	0
146.1647773	444.764992	3.11051793579347	470.228995_445.711984_2	0	0	0	0	0	0	0	0	0	0	0	0	0	0	1	0	1	0
145.0287053	445.373976	2.49939926089787	470.228995_445.711984_2	0	0	0	0	0	0	0	0	0	0	0	0	0	0	1	0	1	0
135.04416	444.961984	2.91676645733403	470.228995_445.711984_2	0	0	0	0	0	0	0	0	0	0	0	0	0	0	1	0	1	0
129.1386307	445.188992	2.63718498160067	470.228995_445.711984_2	0	0	0	0	0	0	0	0	0	0	0	0	0	0	1	0	1	0
117.0343681	444.952992	2.14361080844924	470.228995_445.711984_2	0	0	0	0	0	0	0	0	0	0	0	0	0	0	1	0	1	0
112.1127724	445.255976	2.04787375417262	470.228995_445.711984_2	0	0	0	0	0	0	0	0	0	0	0	0	0	0	1	0	1	0
205.0701841	1670.496992	100	205.0701841_1670.496992_141	0	0	0	1	1	1	0	0	0	1	1	0	0	0	0	1	1	0
139.0394494	1670.169472	48.4871677896787	205.0701841_1670.496992_141	0	0	0	1	1	1	0	0	0	1	1	0	0	0	0	1	1	0
97.02924416	1670.45496	26.9845558568059	205.0701841_1670.496992_141	0	0	0	1	1	1	0	0	0	1	1	0	0	0	0	1	1	0
715.3170157	1844.527984	100	715.3170157_1844.527984_137	0	0	0	0	0	0	0	0	1	0	0	0	0	0	1	0	0	0
247.0806313	1843.875952	54.6059627979896	715.3170157_1844.527984_137	0	0	0	0	0	0	0	0	1	0	0	0	0	0	1	0	0	0
169.0494324	1843.14948	48.6912727423991	715.3170157_1844.527984_137	0	0	0	0	0	0	0	0	1	0	0	0	0	0	1	0	0	0
497.1144251	1180.258976	54.5556480155331	497.1144251_1180.258976_122	0	0	0	0	0	0	0	0	0	0	0	0	0	0	1	0	0	0
483.2765087	1177.939976	14.7386904147073	497.1144251_1180.258976_122	0	0	0	0	0	0	0	0	0	0	0	0	0	0	1	0	0	0
479.1040591	1177.707984	45.0566873837414	497.1144251_1180.258976_122	0	0	0	0	0	0	0	0	0	0	0	0	0	0	1	0	0	0
461.0939193	1178.935472	25.32579603678	497.1144251_1180.258976_122	0	0	0	0	0	0	0	0	0	0	0	0	0	0	1	0	0	0
443.0823344	1178.676984	11.3970841055471	497.1144251_1180.258976_122	0	0	0	0	0	0	0	0	0	0	0	0	0	0	1	0	0	0
419.3060786	1177.707984	14.3280505926828	497.1144251_1180.258976_122	0	0	0	0	0	0	0	0	0	0	0	0	0	0	1	0	0	0
418.302967	1177.31896	49.2282958369463	497.1144251_1180.258976_122	0	0	0	0	0	0	0	0	0	0	0	0	0	0	1	0	0	0
414.1338332	1177.386992	15.4390432511937	497.1144251_1180.258976_122	0	0	0	0	0	0	0	0	0	0	0	0	0	0	1	0	0	0
413.1295665	1177.31896	55.2734752937226	497.1144251_1180.258976_122	0	0	0	0	0	0	0	0	0	0	0	0	0	0	1	0	0	0
400.2919209	1177.272472	17.7942236028266	497.1144251_1180.258976_122	0	0	0	0	0	0	0	0	0	0	0	0	0	0	1	0	0	0
399.2886378	1177.558464	49.1688899724453	497.1144251_1180.258976_122	0	0	0	0	0	0	0	0	0	0	0	0	0	0	1	0	0	0
397.1256967	1177.345968	15.0777352399791	497.1144251_1180.258976_122	0	0	0	0	0	0	0	0	0	0	0	0	0	0	1	0	0	0
396.1220285	1177.31896	46.1700252970042	497.1144251_1180.258976_122	0	0	0	0	0	0	0	0	0	0	0	0	0	0	1	0	0	0
381.2774254	1177.742992	25.2162186568446	497.1144251_1180.258976_122	0	0	0	0	0	0	0	0	0	0	0	0	0	0	1	0	0	0
378.1110699	1177.352968	18.9870398639971	497.1144251_1180.258976_122	0	0	0	0	0	0	0	0	0	0	0	0	0	0	1	0	0	0
377.1077292	1177.707984	80.2159370897059	497.1144251_1180.258976_122	0	0	0	0	0	0	0	0	0	0	0	0	0	0	1	0	0	0
363.2666579	1178.031952	13.2954217304281	497.1144251_1180.258976_122	0	0	0	0	0	0	0	0	0	0	0	0	0	0	1	0	0	0
361.2396707	1178.047976	11.2454271475039	497.1144251_1180.258976_122	0	0	0	0	0	0	0	0	0	0	0	0	0	0	1	0	0	0
360.10026	1177.36	20.5366694087303	497.1144251_1180.258976_122	0	0	0	0	0	0	0	0	0	0	0	0	0	0	1	0	0	0
359.0970984	1177.904992	100	497.1144251_1180.258976_122	0	0	0	0	0	0	0	0	0	0	0	0	0	0	1	0	0	0
357.0822929	1177.725488	17.7082080702947	497.1144251_1180.258976_122	0	0	0	0	0	0	0	0	0	0	0	0	0	0	1	0	0	0
342.0901148	1177.291952	13.8497842922966	497.1144251_1180.258976_122	0	0	0	0	0	0	0	0	0	0	0	0	0	0	1	0	0	0
341.0863648	1177.350448	53.099890642083	497.1144251_1180.258976_122	0	0	0	0	0	0	0	0	0	0	0	0	0	0	1	0	0	0
339.071359	1179.056944	16.1177277371552	497.1144251_1180.258976_122	0	0	0	0	0	0	0	0	0	0	0	0	0	0	1	0	0	0
337.2504666	1177.742992	12.8714332205256	497.1144251_1180.258976_122	0	0	0	0	0	0	0	0	0	0	0	0	0	0	1	0	0	0
315.1043985	1177.291952	43.6732459617501	497.1144251_1180.258976_122	0	0	0	0	0	0	0	0	0	0	0	0	0	0	1	0	0	0
313.2490101	1178.728944	14.0375221484416	497.1144251_1180.258976_122	0	0	0	0	0	0	0	0	0	0	0	0	0	0	1	0	0	0
290.2546922	1180.40348	11.1806749818439	497.1144251_1180.258976_122	0	0	0	0	0	0	0	0	0	0	0	0	0	0	1	0	0	0
289.2512522	1179.23296	34.1559300066721	497.1144251_1180.258976_122	0	0	0	0	0	0	0	0	0	0	0	0	0	0	1	0	0	0
283.2387254	1177.725488	18.3873177333254	497.1144251_1180.258976_122	0	0	0	0	0	0	0	0	0	0	0	0	0	0	1	0	0	0
275.0796643	1177.533992	13.6048508800325	497.1144251_1180.258976_122	0	0	0	0	0	0	0	0	0	0	0	0	0	0	1	0	0	0
273.2516885	1178.884984	19.6633558564268	497.1144251_1180.258976_122	0	0	0	0	0	0	0	0	0	0	0	0	0	0	1	0	0	0
273.0624005	1179.04096	33.7477323565132	497.1144251_1180.258976_122	0	0	0	0	0	0	0	0	0	0	0	0	0	0	1	0	0	0
272.2443507	1179.121984	73.4535069597478	497.1144251_1180.258976_122	0	0	0	0	0	0	0	0	0	0	0	0	0	0	1	0	0	0
269.2237117	1179.04096	25.0895834527561	497.1144251_1180.258976_122	0	0	0	0	0	0	0	0	0	0	0	0	0	0	1	0	0	0
257.22292	1177.725488	17.5947521655335	497.1144251_1180.258976_122	0	0	0	0	0	0	0	0	0	0	0	0	0	0	1	0	0	0
255.0851925	1177.725488	39.9138096844856	497.1144251_1180.258976_122	0	0	0	0	0	0	0	0	0	0	0	0	0	0	1	0	0	0
250.0633738	1178.509984	16.1510527504858	497.1144251_1180.258976_122	0	0	0	0	0	0	0	0	0	0	0	0	0	0	1	0	0	0
249.0601672	1180.365472	77.8739428368939	497.1144251_1180.258976_122	0	0	0	0	0	0	0	0	0	0	0	0	0	0	1	0	0	0
243.2067143	1178.128	13.6087802842101	497.1144251_1180.258976_122	0	0	0	0	0	0	0	0	0	0	0	0	0	0	1	0	0	0
232.0534161	1178.935472	16.1362580218677	497.1144251_1180.258976_122	0	0	0	0	0	0	0	0	0	0	0	0	0	0	1	0	0	0
231.2074408	1179.51148	13.5141685052046	497.1144251_1180.258976_122	0	0	0	0	0	0	0	0	0	0	0	0	0	0	1	0	0	0
229.1915807	1179.51148	18.0921027392084	497.1144251_1180.258976_122	0	0	0	0	0	0	0	0	0	0	0	0	0	0	1	0	0	0
216.1814009	1178.016496	15.1879919159637	497.1144251_1180.258976_122	0	0	0	0	0	0	0	0	0	0	0	0	0	0	1	0	0	0
215.1778065	1179.14696	50.8273214702383	497.1144251_1180.258976_122	0	0	0	0	0	0	0	0	0	0	0	0	0	0	1	0	0	0
213.0398224	1178.676984	64.3754354372207	497.1144251_1180.258976_122	0	0	0	0	0	0	0	0	0	0	0	0	0	0	1	0	0	0
203.177287	1178.734	24.1134984482919	497.1144251_1180.258976_122	0	0	0	0	0	0	0	0	0	0	0	0	0	0	1	0	0	0
201.1612861	1179.081472	24.7884550345632	497.1144251_1180.258976_122	0	0	0	0	0	0	0	0	0	0	0	0	0	0	1	0	0	0
191.1764634	1178.884984	14.7940757212256	497.1144251_1180.258976_122	0	0	0	0	0	0	0	0	0	0	0	0	0	0	1	0	0	0
189.161796	1178.935472	27.8480055966611	497.1144251_1180.258976_122	0	0	0	0	0	0	0	0	0	0	0	0	0	0	1	0	0	0
189.0397068	1178.214488	37.0598768342285	497.1144251_1180.258976_122	0	0	0	0	0	0	0	0	0	0	0	0	0	0	1	0	0	0
187.1451746	1179.028968	18.1736679447967	497.1144251_1180.258976_122	0	0	0	0	0	0	0	0	0	0	0	0	0	0	1	0	0	0
177.1619033	1178.589968	24.4853124305688	497.1144251_1180.258976_122	0	0	0	0	0	0	0	0	0	0	0	0	0	0	1	0	0	0
175.1464589	1179.14696	28.2410776810113	497.1144251_1180.258976_122	0	0	0	0	0	0	0	0	0	0	0	0	0	0	1	0	0	0
173.1299849	1179.081472	19.3827212710634	497.1144251_1180.258976_122	0	0	0	0	0	0	0	0	0	0	0	0	0	0	1	0	0	0
163.1454048	1178.935472	40.5198911816784	497.1144251_1180.258976_122	0	0	0	0	0	0	0	0	0	0	0	0	0	0	1	0	0	0
161.1308815	1180.669984	33.6610654348197	497.1144251_1180.258976_122	0	0	0	0	0	0	0	0	0	0	0	0	0	0	1	0	0	0
159.1151151	1179.089464	21.0015445149265	497.1144251_1180.258976_122	0	0	0	0	0	0	0	0	0	0	0	0	0	0	1	0	0	0
159.029734	1179.089464	22.9918282129042	497.1144251_1180.258976_122	0	0	0	0	0	0	0	0	0	0	0	0	0	0	1	0	0	0
149.1311933	1178.990472	40.471513216265	497.1144251_1180.258976_122	0	0	0	0	0	0	0	0	0	0	0	0	0	0	1	0	0	0
145.0502014	1179.048952	63.7679890953854	497.1144251_1180.258976_122	0	0	0	0	0	0	0	0	0	0	0	0	0	0	1	0	0	0
135.1160691	1179.056944	25.4230281528121	497.1144251_1180.258976_122	0	0	0	0	0	0	0	0	0	0	0	0	0	0	1	0	0	0
133.1006237	1179.089464	20.0448466644026	497.1144251_1180.258976_122	0	0	0	0	0	0	0	0	0	0	0	0	0	0	1	0	0	0
129.0538633	1177.823992	32.0586442703977	497.1144251_1180.258976_122	0	0	0	0	0	0	0	0	0	0	0	0	0	0	1	0	0	0
123.1151011	1179.14696	21.3957049588191	497.1144251_1180.258976_122	0	0	0	0	0	0	0	0	0	0	0	0	0	0	1	0	0	0
121.1010627	1179.048952	31.3810909360875	497.1144251_1180.258976_122	0	0	0	0	0	0	0	0	0	0	0	0	0	0	1	0	0	0
119.0858979	1178.935472	25.2215005918035	497.1144251_1180.258976_122	0	0	0	0	0	0	0	0	0	0	0	0	0	0	1	0	0	0
109.1014155	1178.935472	32.1973382833333	497.1144251_1180.258976_122	0	0	0	0	0	0	0	0	0	0	0	0	0	0	1	0	0	0
109.0302238	1178.829984	30.4745251030849	497.1144251_1180.258976_122	0	0	0	0	0	0	0	0	0	0	0	0	0	0	1	0	0	0
107.0859474	1179.089464	25.6785560453884	497.1144251_1180.258976_122	0	0	0	0	0	0	0	0	0	0	0	0	0	0	1	0	0	0
105.019116	1179.121984	39.5493447319602	497.1144251_1180.258976_122	0	0	0	0	0	0	0	0	0	0	0	0	0	0	1	0	0	0
97.0296775	1179.056944	17.037646432335	497.1144251_1180.258976_122	0	0	0	0	0	0	0	0	0	0	0	0	0	0	1	0	0	0
95.08484858	1178.990472	20.7914295164216	497.1144251_1180.258976_122	0	0	0	0	0	0	0	0	0	0	0	0	0	0	1	0	0	0
93.0697819	1177.904992	14.0816872620668	497.1144251_1180.258976_122	0	0	0	0	0	0	0	0	0	0	0	0	0	0	1	0	0	0
263.0160941	82.096992	100	263.0160941_82.096992_3492	0	0	0	0	0	0	0	0	0	1	0	0	0	0	0	0	0	0
247.0414595	84.82896	75.6085474136744	263.0160941_82.096992_3492	0	0	0	0	0	0	0	0	0	1	0	0	0	0	0	0	0	0
116.9639031	83.239488	39.1667363160235	263.0160941_82.096992_3492	0	0	0	0	0	0	0	0	0	1	0	0	0	0	0	0	0	0
265.1534969	304.013952	46.2188765784293	265.1534969_304.013952_28	0	0	0	0	0	0	0	0	0	0	1	1	0	0	1	0	0	0
177.0540113	303.806	100	265.1534969_304.013952_28	0	0	0	0	0	0	0	0	0	0	1	1	0	0	1	0	0	0
907.3897549	1145.795472	100	907.3897549_1145.795472_31	0	0	0	0	0	0	0	0	0	0	0	0	0	0	0	1	0	0
885.4119913	1144.533496	71.9597734220389	885.4119913_1144.533496_69	0	0	0	0	0	0	0	0	0	0	0	0	0	0	1	1	0	0
882.4626923	1144.388	10.0445977678931	885.4119913_1144.533496_69	0	0	0	0	0	0	0	0	0	0	0	0	0	0	1	1	0	0
598.3662603	1146.93048	10.3544745944238	885.4119913_1144.533496_69	0	0	0	0	0	0	0	0	0	0	0	0	0	0	1	1	0	0
597.3628581	1146.770464	18.3754138174113	885.4119913_1144.533496_69	0	0	0	0	0	0	0	0	0	0	0	0	0	0	1	1	0	0
579.3517507	1146.80096	12.9779682653711	885.4119913_1144.533496_69	0	0	0	0	0	0	0	0	0	0	0	0	0	0	1	1	0	0
575.1842415	1144.966464	6.04346948095503	885.4119913_1144.533496_69	0	0	0	0	0	0	0	0	0	0	0	0	0	0	1	1	0	0
557.1721576	1146.07596	20.3315084641129	885.4119913_1144.533496_69	0	0	0	0	0	0	0	0	0	0	0	0	0	0	1	1	0	0
539.1619483	1146.330992	8.31532558552874	885.4119913_1144.533496_69	0	0	0	0	0	0	0	0	0	0	0	0	0	0	1	1	0	0
521.1521435	1146.609984	5.80655273960822	885.4119913_1144.533496_69	0	0	0	0	0	0	0	0	0	0	0	0	0	0	1	1	0	0
451.3031317	1146.90796	16.6928085481575	885.4119913_1144.533496_69	0	0	0	0	0	0	0	0	0	0	0	0	0	0	1	1	0	0
435.3095863	1146.806992	22.8026581024478	885.4119913_1144.533496_69	0	0	0	0	0	0	0	0	0	0	0	0	0	0	1	1	0	0
433.293991	1145.970992	9.39864146328335	885.4119913_1144.533496_69	0	0	0	0	0	0	0	0	0	0	0	0	0	0	1	1	0	0
433.096365	1145.422976	9.4418924159163	885.4119913_1144.533496_69	0	0	0	0	0	0	0	0	0	0	0	0	0	0	1	1	0	0
418.3030175	1146.703968	34.8140356009061	885.4119913_1144.533496_69	0	0	0	0	0	0	0	0	0	0	0	0	0	0	1	1	0	0
417.2993961	1146.168	96.2078569274036	885.4119913_1144.533496_69	0	0	0	0	0	0	0	0	0	0	0	0	0	0	1	1	0	0
414.1330137	1147.07048	7.32150654886983	885.4119913_1144.533496_69	0	0	0	0	0	0	0	0	0	0	0	0	0	0	1	1	0	0
413.129227	1146.667968	24.7494545781377	885.4119913_1144.533496_69	0	0	0	0	0	0	0	0	0	0	0	0	0	0	1	1	0	0
411.1135265	1146.497456	18.0174844283713	885.4119913_1144.533496_69	0	0	0	0	0	0	0	0	0	0	0	0	0	0	1	1	0	0
400.2919208	1147.333968	9.26903080209326	885.4119913_1144.533496_69	0	0	0	0	0	0	0	0	0	0	0	0	0	0	1	1	0	0
399.2886104	1147.004488	28.4541755585649	885.4119913_1144.533496_69	0	0	0	0	0	0	0	0	0	0	0	0	0	0	1	1	0	0
396.1218959	1147.214	19.1344163449627	885.4119913_1144.533496_69	0	0	0	0	0	0	0	0	0	0	0	0	0	0	1	1	0	0
395.1185634	1146.806992	74.1976057019282	885.4119913_1144.533496_69	0	0	0	0	0	0	0	0	0	0	0	0	0	0	1	1	0	0
393.1030327	1146.18396	9.35475416177238	885.4119913_1144.533496_69	0	0	0	0	0	0	0	0	0	0	0	0	0	0	1	1	0	0
377.1078857	1144.987984	21.8733677751619	885.4119913_1144.533496_69	0	0	0	0	0	0	0	0	0	0	0	0	0	0	1	1	0	0
359.0971756	1145.906488	35.3154122833577	885.4119913_1144.533496_69	0	0	0	0	0	0	0	0	0	0	0	0	0	0	1	1	0	0
315.1051163	1144.987984	15.4090043979825	885.4119913_1144.533496_69	0	0	0	0	0	0	0	0	0	0	0	0	0	0	1	1	0	0
309.1183263	1145.042472	32.274402254748	885.4119913_1144.533496_69	0	0	0	0	0	0	0	0	0	0	0	0	0	0	1	1	0	0
295.2306604	1147.08096	5.69484205917653	885.4119913_1144.533496_69	0	0	0	0	0	0	0	0	0	0	0	0	0	0	1	1	0	0
290.2547986	1146.77348	12.5843953315501	885.4119913_1144.533496_69	0	0	0	0	0	0	0	0	0	0	0	0	0	0	1	1	0	0
289.250965	1147.273984	27.1819422222666	885.4119913_1144.533496_69	0	0	0	0	0	0	0	0	0	0	0	0	0	0	1	1	0	0
283.2385457	1146.77348	7.3419506764478	885.4119913_1144.533496_69	0	0	0	0	0	0	0	0	0	0	0	0	0	0	1	1	0	0
273.0935182	1146.112976	15.7015805009236	885.4119913_1144.533496_69	0	0	0	0	0	0	0	0	0	0	0	0	0	0	1	1	0	0
272.2444343	1146.806992	34.5870084680072	885.4119913_1144.533496_69	0	0	0	0	0	0	0	0	0	0	0	0	0	0	1	1	0	0
271.2409853	1146.739968	100	885.4119913_1144.533496_69	0	0	0	0	0	0	0	0	0	0	0	0	0	0	1	1	0	0
269.2235612	1146.77348	13.5332761331026	885.4119913_1144.533496_69	0	0	0	0	0	0	0	0	0	0	0	0	0	0	1	1	0	0
257.222409	1147.128992	10.0031690438243	885.4119913_1144.533496_69	0	0	0	0	0	0	0	0	0	0	0	0	0	0	1	1	0	0
255.0858295	1147.466984	16.8627780381788	885.4119913_1144.533496_69	0	0	0	0	0	0	0	0	0	0	0	0	0	0	1	1	0	0
250.0633103	1146.794976	8.83042270030843	885.4119913_1144.533496_69	0	0	0	0	0	0	0	0	0	0	0	0	0	0	1	1	0	0
249.0600946	1147.346984	36.6343000118648	885.4119913_1144.533496_69	0	0	0	0	0	0	0	0	0	0	0	0	0	0	1	1	0	0
237.0758884	1147.423456	15.2985197452994	885.4119913_1144.533496_69	0	0	0	0	0	0	0	0	0	0	0	0	0	0	1	1	0	0
231.2075637	1146.800984	10.3300605850499	885.4119913_1144.533496_69	0	0	0	0	0	0	0	0	0	0	0	0	0	0	1	1	0	0
231.0503655	1147.479968	26.8966022919592	885.4119913_1144.533496_69	0	0	0	0	0	0	0	0	0	0	0	0	0	0	1	1	0	0
216.1814661	1146.249496	9.91230820953724	885.4119913_1144.533496_69	0	0	0	0	0	0	0	0	0	0	0	0	0	0	1	1	0	0
215.1779088	1146.212992	34.8643782004682	885.4119913_1144.533496_69	0	0	0	0	0	0	0	0	0	0	0	0	0	0	1	1	0	0
213.0403109	1147.479968	17.2026944047462	885.4119913_1144.533496_69	0	0	0	0	0	0	0	0	0	0	0	0	0	0	1	1	0	0
203.1766598	1146.330992	12.7087103181064	885.4119913_1144.533496_69	0	0	0	0	0	0	0	0	0	0	0	0	0	0	1	1	0	0
201.1609858	1146.806992	20.4906982596613	885.4119913_1144.533496_69	0	0	0	0	0	0	0	0	0	0	0	0	0	0	1	1	0	0
189.1616917	1146.806992	25.3479479749765	885.4119913_1144.533496_69	0	0	0	0	0	0	0	0	0	0	0	0	0	0	1	1	0	0
187.1448183	1146.168	9.23288847771399	885.4119913_1144.533496_69	0	0	0	0	0	0	0	0	0	0	0	0	0	0	1	1	0	0
177.1618964	1147.366944	16.1537447292277	885.4119913_1144.533496_69	0	0	0	0	0	0	0	0	0	0	0	0	0	0	1	1	0	0
175.1463969	1146.794976	18.8305332663577	885.4119913_1144.533496_69	0	0	0	0	0	0	0	0	0	0	0	0	0	0	1	1	0	0
173.1293433	1145.698944	10.3431101528203	885.4119913_1144.533496_69	0	0	0	0	0	0	0	0	0	0	0	0	0	0	1	1	0	0
163.1455001	1147.333968	17.0642468383577	885.4119913_1144.533496_69	0	0	0	0	0	0	0	0	0	0	0	0	0	0	1	1	0	0
161.1307417	1146.168	20.6882565536009	885.4119913_1144.533496_69	0	0	0	0	0	0	0	0	0	0	0	0	0	0	1	1	0	0
159.1147338	1146.152	13.9734598095144	885.4119913_1144.533496_69	0	0	0	0	0	0	0	0	0	0	0	0	0	0	1	1	0	0
149.1310658	1146.739968	19.3611518953053	885.4119913_1144.533496_69	0	0	0	0	0	0	0	0	0	0	0	0	0	0	1	1	0	0
147.065437	1147.346984	27.5082540854647	885.4119913_1144.533496_69	0	0	0	0	0	0	0	0	0	0	0	0	0	0	1	1	0	0
145.051228	1143.589952	17.651249643307	885.4119913_1144.533496_69	0	0	0	0	0	0	0	0	0	0	0	0	0	0	1	1	0	0
135.1161062	1145.796472	14.6777345342974	885.4119913_1144.533496_69	0	0	0	0	0	0	0	0	0	0	0	0	0	0	1	1	0	0
129.0543681	1146.77348	24.2559578469357	885.4119913_1144.533496_69	0	0	0	0	0	0	0	0	0	0	0	0	0	0	1	1	0	0
123.1158765	1146.330992	11.5817996877083	885.4119913_1144.533496_69	0	0	0	0	0	0	0	0	0	0	0	0	0	0	1	1	0	0
119.0860425	1147.273984	15.171716126582	885.4119913_1144.533496_69	0	0	0	0	0	0	0	0	0	0	0	0	0	0	1	1	0	0
109.1014056	1146.739968	15.8997808235951	885.4119913_1144.533496_69	0	0	0	0	0	0	0	0	0	0	0	0	0	0	1	1	0	0
107.0859644	1145.249984	10.3950501164843	885.4119913_1144.533496_69	0	0	0	0	0	0	0	0	0	0	0	0	0	0	1	1	0	0
105.0191323	1147.423456	19.5657724203874	885.4119913_1144.533496_69	0	0	0	0	0	0	0	0	0	0	0	0	0	0	1	1	0	0
95.0848312	1146.453984	12.35511589807	885.4119913_1144.533496_69	0	0	0	0	0	0	0	0	0	0	0	0	0	0	1	1	0	0
341.1954553	1942.987448	100	341.1954553_1942.987448_4132	0	0	0	0	0	0	0	0	1	0	0	0	0	0	1	0	0	0
355.2812701	2371.359952	100	355.2812701_2371.359952_307	0	0	0	0	0	0	0	0	0	0	0	0	0	0	0	1	0	0
389.1600222	348.017472	91.7218797180275	389.1600222_348.017472_2865	0	0	0	0	0	0	0	0	0	0	0	0	0	0	0	0	1	0
351.6438455	346.54148	62.2288155540298	389.1600222_348.017472_2865	0	0	0	0	0	0	0	0	0	0	0	0	0	0	0	0	1	0
324.6385468	347.162944	85.9578295822464	389.1600222_348.017472_2865	0	0	0	0	0	0	0	0	0	0	0	0	0	0	0	0	1	0
264.6118785	346.164944	100	389.1600222_348.017472_2865	0	0	0	0	0	0	0	0	0	0	0	0	0	0	0	0	1	0
130.0500807	345.725968	47.8096216788489	389.1600222_348.017472_2865	0	0	0	0	0	0	0	0	0	0	0	0	0	0	0	0	1	0
411.1139588	1039.43396	57.440981972635	411.1139588_1039.43396_2179	0	0	0	0	0	0	0	0	0	0	0	0	0	0	0	1	0	0
393.1035005	1039.446944	41.3441668834068	411.1139588_1039.43396_2179	0	0	0	0	0	0	0	0	0	0	0	0	0	0	0	1	0	0
272.2444231	1039.106984	39.9789016653967	411.1139588_1039.43396_2179	0	0	0	0	0	0	0	0	0	0	0	0	0	0	0	1	0	0
271.2410085	1039.682448	100	411.1139588_1039.43396_2179	0	0	0	0	0	0	0	0	0	0	0	0	0	0	0	1	0	0
249.0601468	1042.403968	70.0630421197561	411.1139588_1039.43396_2179	0	0	0	0	0	0	0	0	0	0	0	0	0	0	0	1	0	0
231.049445	1040.144944	52.7004950655914	411.1139588_1039.43396_2179	0	0	0	0	0	0	0	0	0	0	0	0	0	0	0	1	0	0
215.1780147	1039.446464	24.7246667851898	411.1139588_1039.43396_2179	0	0	0	0	0	0	0	0	0	0	0	0	0	0	0	1	0	0
163.145527	1039.34248	23.2183393093237	411.1139588_1039.43396_2179	0	0	0	0	0	0	0	0	0	0	0	0	0	0	0	1	0	0
163.059842	1039.990944	36.8548085949105	411.1139588_1039.43396_2179	0	0	0	0	0	0	0	0	0	0	0	0	0	0	0	1	0	0
161.1301248	1039.917952	22.0802515533745	411.1139588_1039.43396_2179	0	0	0	0	0	0	0	0	0	0	0	0	0	0	0	1	0	0
149.1310174	1039.329976	22.6000795131431	411.1139588_1039.43396_2179	0	0	0	0	0	0	0	0	0	0	0	0	0	0	0	1	0	0
145.0497048	1039.485968	47.0576746876482	411.1139588_1039.43396_2179	0	0	0	0	0	0	0	0	0	0	0	0	0	0	0	1	0	0
127.0393633	1039.404448	33.3765206360029	411.1139588_1039.43396_2179	0	0	0	0	0	0	0	0	0	0	0	0	0	0	0	1	0	0
457.3496867	2527.40848	100	457.3496867_2527.40848_2105	0	0	0	0	0	0	0	0	0	0	0	0	0	0	0	0	0	0
187.1459495	2528.396992	7.16502380933359	457.3496867_2527.40848_2105	0	0	0	0	0	0	0	0	0	0	0	0	0	0	0	0	0	0
147.1156356	2526.591976	8.77937394327005	457.3496867_2527.40848_2105	0	0	0	0	0	0	0	0	0	0	0	0	0	0	0	0	0	0
470.2292672	474.074984	100	470.2292672_474.074984_2988	0	0	0	0	0	0	0	0	0	0	0	0	0	0	1	0	1	0
488.2395777	293.97496	68.9260682327289	488.2395777_293.97496_2953	0	0	0	0	0	0	0	0	0	0	0	0	0	0	1	0	1	1
470.2286045	292.616	100	488.2395777_293.97496_2953	0	0	0	0	0	0	0	0	0	0	0	0	0	0	1	0	1	1
497.1147606	1121.87796	70.6259930193104	497.1147606_1121.87796_2188	0	0	0	0	0	0	0	0	0	0	0	0	0	0	1	0	0	0
249.0598591	1119.660944	100	497.1147606_1121.87796_2188	0	0	0	0	0	0	0	0	0	0	0	0	0	0	1	0	0	0
613.4830352	2152.155464	100	613.4830352_2152.155464_3276	0	0	0	0	0	0	0	0	0	0	0	0	0	0	0	0	0	0
561.3974075	2152.019464	53.8363150117306	613.4830352_2152.155464_3276	0	0	0	0	0	0	0	0	0	0	0	0	0	0	0	0	0	0
613.4830781	2531.185984	100	613.4830781_2531.185984_2123	0	0	0	0	0	0	0	0	0	0	0	0	0	0	0	1	1	0
469.2827792	2534.071968	5.25470876364098	613.4830781_2531.185984_2123	0	0	0	0	0	0	0	0	0	0	0	0	0	0	0	1	1	0
313.269022	2533.357984	7.0616999302503	613.4830781_2531.185984_2123	0	0	0	0	0	0	0	0	0	0	0	0	0	0	0	1	1	0
309.238848	2533.979456	12.5399044167867	613.4830781_2531.185984_2123	0	0	0	0	0	0	0	0	0	0	0	0	0	0	0	1	1	0
215.177943	2530.613976	10.2546524292582	613.4830781_2531.185984_2123	0	0	0	0	0	0	0	0	0	0	0	0	0	0	0	1	1	0
187.1459495	2528.396992	4.15149948333846	613.4830781_2531.185984_2123	0	0	0	0	0	0	0	0	0	0	0	0	0	0	0	1	1	0
135.1163184	2529.34296	12.3789195530249	613.4830781_2531.185984_2123	0	0	0	0	0	0	0	0	0	0	0	0	0	0	0	1	1	0
659.2272162	2616.72348	12.3185191898487	659.2272162_2616.72348_111	0	0	0	0	0	0	0	0	0	0	0	0	0	0	0	0	1	0
645.259828	2615.837488	13.4651246280082	659.2272162_2616.72348_111	0	0	0	0	0	0	0	0	0	0	0	0	0	0	0	0	1	0
644.2567905	2616.635464	42.3059169499559	659.2272162_2616.72348_111	0	0	0	0	0	0	0	0	0	0	0	0	0	0	0	0	1	0
643.2537226	2616.592992	95.3119285846941	659.2272162_2616.72348_111	0	0	0	0	0	0	0	0	0	0	0	0	0	0	0	0	1	0
623.279459	2616.603968	16.2005270056375	659.2272162_2616.72348_111	0	0	0	0	0	0	0	0	0	0	0	0	0	0	0	0	1	0
622.2748697	2616.581984	51.5647366321056	659.2272162_2616.72348_111	0	0	0	0	0	0	0	0	0	0	0	0	0	0	0	0	1	0
621.2718179	2616.683472	100	659.2272162_2616.72348_111	0	0	0	0	0	0	0	0	0	0	0	0	0	0	0	0	1	0
595.2832779	2618.264992	12.955190818442	659.2272162_2616.72348_111	0	0	0	0	0	0	0	0	0	0	0	0	0	0	0	0	1	0
594.2801954	2618.87496	39.5464508127469	659.2272162_2616.72348_111	0	0	0	0	0	0	0	0	0	0	0	0	0	0	0	0	1	0
593.276584	2618.869952	77.821358192932	659.2272162_2616.72348_111	0	0	0	0	0	0	0	0	0	0	0	0	0	0	0	0	1	0
561.2508864	2616.106976	20.4921120318723	659.2272162_2616.72348_111	0	0	0	0	0	0	0	0	0	0	0	0	0	0	0	0	1	0
533.2559316	2617.868976	10.7165974276217	659.2272162_2616.72348_111	0	0	0	0	0	0	0	0	0	0	0	0	0	0	0	0	1	0
631.2597645	1330.040944	100	631.2597645_1330.040944_180	0	0	0	0	0	0	0	0	0	0	0	0	0	0	1	0	0	0
205.0709346	1329.798944	53.8300134002414	631.2597645_1330.040944_180	0	0	0	0	0	0	0	0	0	0	0	0	0	0	1	0	0	0
645.2757282	1450.876984	100	645.2757282_1450.876984_3811	0	0	0	0	0	0	0	0	0	0	0	0	0	0	0	0	0	0
376.257829	1449.89896	41.985906104048	645.2757282_1450.876984_3811	0	0	0	0	0	0	0	0	0	0	0	0	0	0	0	0	0	0
660.1720843	251.262	54.5991693635839	660.1720843_251.262_3387	0	0	0	0	0	0	0	0	0	0	1	1	0	0	1	0	0	0
177.0539684	249.767984	100	660.1720843_251.262_3387	0	0	0	0	0	0	0	0	0	0	1	1	0	0	1	0	0	0
145.0294714	249.685952	71.9944674711512	660.1720843_251.262_3387	0	0	0	0	0	0	0	0	0	0	1	1	0	0	1	0	0	0
117.0342097	249.889952	52.5934593857282	660.1720843_251.262_3387	0	0	0	0	0	0	0	0	0	0	1	1	0	0	1	0	0	0
683.3331589	1593.711976	13.4651369002618	683.3331589_1593.711976_299	0	0	0	0	0	0	0	0	1	0	0	0	0	0	0	0	0	0
682.3289681	1595.361992	26.2636121928959	683.3331589_1593.711976_299	0	0	0	0	0	0	0	0	1	0	0	0	0	0	0	0	0	0
645.311188	1595.462944	36.8344357878749	683.3331589_1593.711976_299	0	0	0	0	0	0	0	0	1	0	0	0	0	0	0	0	0	0
585.2173378	1593.805984	9.95035917996961	683.3331589_1593.711976_299	0	0	0	0	0	0	0	0	1	0	0	0	0	0	0	0	0	0
483.2566703	1595.681968	22.878271535459	683.3331589_1593.711976_299	0	0	0	0	0	0	0	0	1	0	0	0	0	0	0	0	0	0
441.2102154	1590.829952	17.2589339517094	683.3331589_1593.711976_299	0	0	0	0	0	0	0	0	1	0	0	0	0	0	0	0	0	0
401.2166915	1594.661952	21.5642576528042	683.3331589_1593.711976_299	0	0	0	0	0	0	0	0	1	0	0	0	0	0	0	0	0	0
299.1486241	1594.684992	23.4024211504838	683.3331589_1593.711976_299	0	0	0	0	0	0	0	0	1	0	0	0	0	0	0	0	0	0
248.0840935	1594.089976	21.1175180781064	683.3331589_1593.711976_299	0	0	0	0	0	0	0	0	1	0	0	0	0	0	0	0	0	0
247.0806333	1594.701968	100	683.3331589_1593.711976_299	0	0	0	0	0	0	0	0	1	0	0	0	0	0	0	0	0	0
170.0525773	1594.742944	14.3215675873493	683.3331589_1593.711976_299	0	0	0	0	0	0	0	0	1	0	0	0	0	0	0	0	0	0
140.0679798	1594.90596	14.8571101160036	683.3331589_1593.711976_299	0	0	0	0	0	0	0	0	1	0	0	0	0	0	0	0	0	0
127.0392579	1594.703968	27.8121870877256	683.3331589_1593.711976_299	0	0	0	0	0	0	0	0	1	0	0	0	0	0	0	0	0	0
109.0298031	1595.716976	11.671489677892	683.3331589_1593.711976_299	0	0	0	0	0	0	0	0	1	0	0	0	0	0	0	0	0	0
739.3536942	1158.06496	100	739.3536942_1158.06496_2545	0	0	0	0	0	0	0	0	0	0	0	0	0	0	0	0	1	1
734.3956325	1157.621488	35.9189380641597	739.3536942_1158.06496_2545	0	0	0	0	0	0	0	0	0	0	0	0	0	0	0	0	1	1
695.3613758	1155.57448	14.2561490152832	739.3536942_1158.06496_2545	0	0	0	0	0	0	0	0	0	0	0	0	0	0	0	0	1	1
475.3017199	1157.518944	15.4705464420302	739.3536942_1158.06496_2545	0	0	0	0	0	0	0	0	0	0	0	0	0	0	0	0	1	1
473.2889193	1157.518944	13.8988739924096	739.3536942_1158.06496_2545	0	0	0	0	0	0	0	0	0	0	0	0	0	0	0	0	1	1
289.053215	1158.50496	18.5849398159791	739.3536942_1158.06496_2545	0	0	0	0	0	0	0	0	0	0	0	0	0	0	0	0	1	1
758.567411	2634.656992	100	758.567411_2634.656992_368	0	0	0	0	0	0	0	0	0	0	0	0	0	0	0	0	0	0
780.554797	2634.042992	100	780.554797_2634.042992_368	0	0	0	0	0	0	0	0	0	0	0	0	0	0	0	0	0	0
589.2456465	2633.962472	44.8622955581089	780.554797_2634.042992_368	0	0	0	0	0	0	0	0	0	0	0	0	0	0	0	0	0	0
775.5241672	2538.101968	7.43007436738414	775.5241672_2538.101968_33	0	0	0	0	0	0	0	0	0	0	0	0	0	0	1	0	0	0
585.4518324	2535.82448	100	775.5241672_2538.101968_33	0	0	0	0	0	0	0	0	0	0	0	0	0	0	1	0	0	0
413.3230751	2535.761464	18.3791998965006	775.5241672_2538.101968_33	0	0	0	0	0	0	0	0	0	0	0	0	0	0	1	0	0	0
335.2572419	2536.248952	32.8681151036472	775.5241672_2538.101968_33	0	0	0	0	0	0	0	0	0	0	0	0	0	0	1	0	0	0
333.2422631	2538.135472	11.1858989528374	775.5241672_2538.101968_33	0	0	0	0	0	0	0	0	0	0	0	0	0	0	1	0	0	0
780.5497593	2679.234472	100	780.5497593_2679.234472_4414	0	0	0	0	0	0	0	0	0	0	0	0	0	0	0	0	0	0
799.5110101	2467.589968	41.7044556867094	799.5110101_2467.589968_4003	0	0	0	0	0	0	0	0	0	0	0	0	0	0	0	0	1	1
640.4067871	2467.457968	53.4656604925225	799.5110101_2467.589968_4003	0	0	0	0	0	0	0	0	0	0	0	0	0	0	0	0	1	1
639.4043991	2468.202968	96.5478475835866	799.5110101_2467.589968_4003	0	0	0	0	0	0	0	0	0	0	0	0	0	0	0	0	1	1
589.4309951	2464.679992	65.3094658041479	799.5110101_2467.589968_4003	0	0	0	0	0	0	0	0	0	0	0	0	0	0	0	0	1	1
313.272204	2467.815968	100	799.5110101_2467.589968_4003	0	0	0	0	0	0	0	0	0	0	0	0	0	0	0	0	1	1
825.3533062	1189.534992	100	825.3565633_1187.377464_61	0	0	0	0	0	0	0	0	0	0	0	0	0	0	1	0	0	0
821.4022102	1190.295952	38.9692658141579	825.3565633_1187.377464_61	0	0	0	0	0	0	0	0	0	0	0	0	0	0	1	0	0	0
820.3977149	1189.920456	82.4390564177701	825.3565633_1187.377464_61	0	0	0	0	0	0	0	0	0	0	0	0	0	0	1	0	0	0
519.2951985	1188.271968	29.5117531117693	825.3565633_1187.377464_61	0	0	0	0	0	0	0	0	0	0	0	0	0	0	1	0	0	0
902.4184088	1045.797992	57.2800277363592	902.4184088_1045.797992_3283	0	0	0	0	0	0	0	0	0	0	0	0	0	0	0	1	0	0
901.406777	1044.462944	100	902.4184088_1045.797992_3283	0	0	0	0	0	0	0	0	0	0	0	0	0	0	0	1	0	0
897.4497913	1043.40096	59.3216740223311	902.4184088_1045.797992_3283	0	0	0	0	0	0	0	0	0	0	0	0	0	0	0	1	0	0
896.4572385	1044.927	79.4967822411022	902.4184088_1045.797992_3283	0	0	0	0	0	0	0	0	0	0	0	0	0	0	0	1	0	0
573.167038	1044.032976	33.5369870616185	902.4184088_1045.797992_3283	0	0	0	0	0	0	0	0	0	0	0	0	0	0	0	1	0	0
412.1173052	1043.40096	62.2342893413759	902.4184088_1045.797992_3283	0	0	0	0	0	0	0	0	0	0	0	0	0	0	0	1	0	0
325.1133491	1044.318968	77.6142574192324	902.4184088_1045.797992_3283	0	0	0	0	0	0	0	0	0	0	0	0	0	0	0	1	0	0
289.2513043	1044.130968	78.5778047134201	902.4184088_1045.797992_3283	0	0	0	0	0	0	0	0	0	0	0	0	0	0	0	1	0	0
